<?xml version="1.0" encoding="UTF-8"?>
<testng-results skipped="0" failed="0" total="1" passed="1">
  <reporter-output>
  </reporter-output>
  <suite name="Default suite" duration-ms="13504" started-at="2017-08-11T02:26:15Z" finished-at="2017-08-11T02:26:28Z">
    <groups>
    </groups>
    <test name="Default test" duration-ms="13504" started-at="2017-08-11T02:26:15Z" finished-at="2017-08-11T02:26:28Z">
      <class name="testCases.GoogleTest_TestNG">
        <test-method status="PASS" signature="beforeMethod()[pri:0, instance:testCases.GoogleTest_TestNG@464bee09]" name="beforeMethod" is-config="true" duration-ms="6085" started-at="2017-08-11T12:26:15Z" finished-at="2017-08-11T12:26:21Z">
          <reporter-output>
          </reporter-output>
        </test-method> <!-- beforeMethod -->
        <test-method status="PASS" signature="main()[pri:0, instance:testCases.GoogleTest_TestNG@464bee09]" name="main" duration-ms="7319" started-at="2017-08-11T12:26:21Z" finished-at="2017-08-11T12:26:28Z">
          <reporter-output>
          </reporter-output>
        </test-method> <!-- main -->
        <test-method status="PASS" signature="tearDown()[pri:0, instance:testCases.GoogleTest_TestNG@464bee09]" name="tearDown" is-config="true" duration-ms="81" started-at="2017-08-11T12:26:28Z" finished-at="2017-08-11T12:26:28Z">
          <reporter-output>
          </reporter-output>
        </test-method> <!-- tearDown -->
      </class> <!-- testCases.GoogleTest_TestNG -->
    </test> <!-- Default test -->
  </suite> <!-- Default suite -->
</testng-results>
